[2026-01-22 17:47:22.813] [INFO ] Logger initialized
[2026-01-22 17:47:22.813] [INFO ] =================================================
[2026-01-22 17:47:22.813] [INFO ] MQTT Simulator initialized
[2026-01-22 17:47:22.813] [INFO ] Qt version: 6.8.3
[2026-01-22 17:47:22.813] [INFO ] =================================================
[2026-01-22 17:47:22.813] [INFO ] 
[2026-01-22 17:47:22.813] [INFO ] === Simulator Configuration ===
[2026-01-22 17:47:22.813] [INFO ] MQTT Broker: localhost:1883
[2026-01-22 17:47:22.813] [INFO ] 
[2026-01-22 17:47:22.813] [INFO ] Simulated Controllers: 1
[2026-01-22 17:47:22.813] [INFO ]   - Prefix: OCS
[2026-01-22 17:47:22.813] [INFO ]     Commands: 4
[2026-01-22 17:47:22.813] [INFO ]       * :DZ# -> Received: :DZ#, Response: 306.640#, Source: MQTT...
[2026-01-22 17:47:22.813] [INFO ]       * :RS# -> Received: :RS#, Response: OPEN#, Source: MQTT...
[2026-01-22 17:47:22.813] [INFO ]       * :RC# -> (no response)
[2026-01-22 17:47:22.813] [INFO ]       * :RO# -> (no response)
[2026-01-22 17:47:22.813] [INFO ] ===============================
[2026-01-22 17:47:22.813] [INFO ] 
[2026-01-22 17:47:22.813] [INFO ] Phase 3: MQTT Core - Simulator ready
[2026-01-22 17:47:22.813] [INFO ] 
[2026-01-22 17:47:22.870] [INFO ] Simulator: Connecting to MQTT broker...
[2026-01-22 17:47:22.870] [INFO ] Simulator running. Press Ctrl+C to stop.
[2026-01-22 17:47:22.871] [INFO ] Simulator: Connected to localhost:1883
[2026-01-22 17:47:22.871] [INFO ] Simulator: Subscribing to OCS/cmd
[2026-01-22 17:54:09.087] [INFO ] Logger initialized
[2026-01-22 17:54:09.087] [INFO ] =================================================
[2026-01-22 17:54:09.087] [INFO ] MQTT Simulator initialized
[2026-01-22 17:54:09.087] [INFO ] Qt version: 6.8.3
[2026-01-22 17:54:09.088] [INFO ] =================================================
[2026-01-22 17:54:09.088] [INFO ] 
[2026-01-22 17:54:09.088] [INFO ] === Simulator Configuration ===
[2026-01-22 17:54:09.088] [INFO ] MQTT Broker: localhost:1883
[2026-01-22 17:54:09.088] [INFO ] 
[2026-01-22 17:54:09.088] [INFO ] Simulated Controllers: 1
[2026-01-22 17:54:09.088] [INFO ]   - Prefix: OCS
[2026-01-22 17:54:09.088] [INFO ]     Commands: 4
[2026-01-22 17:54:09.088] [INFO ]       * :DZ# -> Received: :DZ#, Response: 306.640#, Source: MQTT...
[2026-01-22 17:54:09.088] [INFO ]       * :RS# -> Received: :RS#, Response: OPEN#, Source: MQTT...
[2026-01-22 17:54:09.088] [INFO ]       * :RC# -> (no response)
[2026-01-22 17:54:09.088] [INFO ]       * :RO# -> (no response)
[2026-01-22 17:54:09.088] [INFO ] ===============================
[2026-01-22 17:54:09.088] [INFO ] 
[2026-01-22 17:54:09.088] [INFO ] Phase 3: MQTT Core - Simulator ready
[2026-01-22 17:54:09.088] [INFO ] 
[2026-01-22 17:54:09.145] [INFO ] Simulator: Connecting to MQTT broker...
[2026-01-22 17:54:09.145] [INFO ] Simulator running. Press Ctrl+C to stop.
[2026-01-22 17:54:09.145] [INFO ] Simulator: Connected to localhost:1883
[2026-01-22 17:54:09.145] [INFO ] Simulator: Subscribing to OCS/cmd
[2026-01-22 19:11:30.545] [INFO ] Logger initialized
[2026-01-22 19:11:30.546] [INFO ] =================================================
[2026-01-22 19:11:30.546] [INFO ] MQTT Simulator initialized
[2026-01-22 19:11:30.546] [INFO ] Qt version: 6.8.3
[2026-01-22 19:11:30.546] [INFO ] =================================================
[2026-01-22 19:11:30.546] [INFO ] 
[2026-01-22 19:11:30.546] [INFO ] === Simulator Configuration ===
[2026-01-22 19:11:30.546] [INFO ] MQTT Broker: localhost:1883
[2026-01-22 19:11:30.546] [INFO ] 
[2026-01-22 19:11:30.546] [INFO ] Simulated Controllers: 1
[2026-01-22 19:11:30.546] [INFO ]   - Prefix: OCS
[2026-01-22 19:11:30.546] [INFO ]     Commands: 4
[2026-01-22 19:11:30.546] [INFO ]       * :DZ# -> Received: :DZ#, Response: 306.640#, Source: MQTT...
[2026-01-22 19:11:30.546] [INFO ]       * :RS# -> Received: :RS#, Response: OPEN#, Source: MQTT...
[2026-01-22 19:11:30.546] [INFO ]       * :RC# -> (no response)
[2026-01-22 19:11:30.546] [INFO ]       * :RO# -> (no response)
[2026-01-22 19:11:30.546] [INFO ] ===============================
[2026-01-22 19:11:30.546] [INFO ] 
[2026-01-22 19:11:30.546] [INFO ] Phase 3: MQTT Core - Simulator ready
[2026-01-22 19:11:30.546] [INFO ] 
[2026-01-22 19:11:30.608] [INFO ] Simulator: Connecting to MQTT broker...
[2026-01-22 19:11:30.609] [INFO ] Simulator running. Press Ctrl+C to stop.
[2026-01-22 19:11:30.610] [INFO ] Simulator: Connected to localhost:1883
[2026-01-22 19:11:30.610] [INFO ] Simulator: Subscribing to OCS/cmd
[2026-01-22 19:14:01.035] [INFO ] Logger initialized
[2026-01-22 19:14:01.035] [INFO ] =================================================
[2026-01-22 19:14:01.035] [INFO ] MQTT Simulator initialized
[2026-01-22 19:14:01.035] [INFO ] Qt version: 6.8.3
[2026-01-22 19:14:01.035] [INFO ] =================================================
[2026-01-22 19:14:01.035] [INFO ] 
[2026-01-22 19:14:01.035] [INFO ] === Simulator Configuration ===
[2026-01-22 19:14:01.035] [INFO ] MQTT Broker: localhost:1883
[2026-01-22 19:14:01.035] [INFO ] 
[2026-01-22 19:14:01.035] [INFO ] Simulated Controllers: 1
[2026-01-22 19:14:01.035] [INFO ]   - Prefix: OCS
[2026-01-22 19:14:01.035] [INFO ]     Commands: 4
[2026-01-22 19:14:01.035] [INFO ]       * :DZ# -> Received: :DZ#, Response: 306.640#, Source: MQTT...
[2026-01-22 19:14:01.035] [INFO ]       * :RS# -> Received: :RS#, Response: OPEN#, Source: MQTT...
[2026-01-22 19:14:01.035] [INFO ]       * :RC# -> (no response)
[2026-01-22 19:14:01.035] [INFO ]       * :RO# -> (no response)
[2026-01-22 19:14:01.035] [INFO ] ===============================
[2026-01-22 19:14:01.035] [INFO ] 
[2026-01-22 19:14:01.035] [INFO ] Phase 3: MQTT Core - Simulator ready
[2026-01-22 19:14:01.035] [INFO ] 
[2026-01-22 19:14:01.092] [INFO ] Simulator: Connecting to MQTT broker...
[2026-01-22 19:14:01.092] [INFO ] Simulator running. Press Ctrl+C to stop.
[2026-01-22 19:14:01.093] [INFO ] Simulator: Connected to localhost:1883
[2026-01-22 19:14:01.093] [INFO ] Simulator: Subscribing to OCS/cmd
[2026-01-22 19:21:41.520] [INFO ] Logger initialized
[2026-01-22 19:21:41.520] [INFO ] =================================================
[2026-01-22 19:21:41.520] [INFO ] MQTT Simulator initialized
[2026-01-22 19:21:41.520] [INFO ] Qt version: 6.8.3
[2026-01-22 19:21:41.520] [INFO ] =================================================
[2026-01-22 19:21:41.520] [INFO ] 
[2026-01-22 19:21:41.520] [INFO ] === Simulator Configuration ===
[2026-01-22 19:21:41.520] [INFO ] MQTT Broker: localhost:1883
[2026-01-22 19:21:41.520] [INFO ] 
[2026-01-22 19:21:41.520] [INFO ] Simulated Controllers: 1
[2026-01-22 19:21:41.520] [INFO ]   - Prefix: OCS
[2026-01-22 19:21:41.520] [INFO ]     Commands: 4
[2026-01-22 19:21:41.520] [INFO ]       * :DZ# -> Received: :DZ#, Response: 306.640#, Source: MQTT...
[2026-01-22 19:21:41.520] [INFO ]       * :RS# -> Received: :RS#, Response: OPEN#, Source: MQTT...
[2026-01-22 19:21:41.520] [INFO ]       * :RC# -> (no response)
[2026-01-22 19:21:41.520] [INFO ]       * :RO# -> (no response)
[2026-01-22 19:21:41.520] [INFO ] ===============================
[2026-01-22 19:21:41.520] [INFO ] 
[2026-01-22 19:21:41.520] [INFO ] Phase 3: MQTT Core - Simulator ready
[2026-01-22 19:21:41.520] [INFO ] 
[2026-01-22 19:21:41.581] [INFO ] Simulator: Connecting to MQTT broker...
[2026-01-22 19:21:41.581] [INFO ] Simulator running. Press Ctrl+C to stop.
[2026-01-22 19:21:41.582] [INFO ] Simulator: Connected to localhost:1883
[2026-01-22 19:21:41.582] [INFO ] Simulator: Subscribing to OCS/cmd
[2026-01-22 19:29:05.367] [INFO ] Logger initialized
[2026-01-22 19:29:05.367] [INFO ] =================================================
[2026-01-22 19:29:05.367] [INFO ] MQTT Simulator initialized
[2026-01-22 19:29:05.367] [INFO ] Qt version: 6.8.3
[2026-01-22 19:29:05.367] [INFO ] =================================================
[2026-01-22 19:29:05.367] [INFO ] 
[2026-01-22 19:29:05.367] [INFO ] === Simulator Configuration ===
[2026-01-22 19:29:05.367] [INFO ] MQTT Broker: localhost:1883
[2026-01-22 19:29:05.367] [INFO ] 
[2026-01-22 19:29:05.367] [INFO ] Simulated Controllers: 1
[2026-01-22 19:29:05.367] [INFO ]   - Prefix: OCS
[2026-01-22 19:29:05.367] [INFO ]     Commands: 4
[2026-01-22 19:29:05.367] [INFO ]       * :DZ# -> Received: :DZ#, Response: 306.640#, Source: MQTT...
[2026-01-22 19:29:05.367] [INFO ]       * :RS# -> Received: :RS#, Response: OPEN#, Source: MQTT...
[2026-01-22 19:29:05.367] [INFO ]       * :RC# -> (no response)
[2026-01-22 19:29:05.367] [INFO ]       * :RO# -> (no response)
[2026-01-22 19:29:05.367] [INFO ] ===============================
[2026-01-22 19:29:05.367] [INFO ] 
[2026-01-22 19:29:05.367] [INFO ] Phase 3: MQTT Core - Simulator ready
[2026-01-22 19:29:05.367] [INFO ] 
[2026-01-22 19:29:05.428] [INFO ] Simulator: Connecting to MQTT broker...
[2026-01-22 19:29:05.428] [INFO ] Simulator running. Press Ctrl+C to stop.
[2026-01-22 19:29:05.428] [INFO ] Simulator: Connected to localhost:1883
[2026-01-22 19:29:05.428] [INFO ] Simulator: Subscribing to OCS/cmd
[2026-01-22 19:32:35.300] [INFO ] Logger initialized
[2026-01-22 19:32:35.300] [INFO ] =================================================
[2026-01-22 19:32:35.300] [INFO ] MQTT Simulator initialized
[2026-01-22 19:32:35.300] [INFO ] Qt version: 6.8.3
[2026-01-22 19:32:35.300] [INFO ] =================================================
[2026-01-22 19:32:35.300] [INFO ] 
[2026-01-22 19:32:35.300] [INFO ] === Simulator Configuration ===
[2026-01-22 19:32:35.300] [INFO ] MQTT Broker: localhost:1883
[2026-01-22 19:32:35.300] [INFO ] 
[2026-01-22 19:32:35.300] [INFO ] Simulated Controllers: 1
[2026-01-22 19:32:35.300] [INFO ]   - Prefix: OCS
[2026-01-22 19:32:35.300] [INFO ]     Commands: 4
[2026-01-22 19:32:35.300] [INFO ]       * :DZ# -> Received: :DZ#, Response: 306.640#, Source: MQTT...
[2026-01-22 19:32:35.300] [INFO ]       * :RS# -> Received: :RS#, Response: OPEN#, Source: MQTT...
[2026-01-22 19:32:35.300] [INFO ]       * :RC# -> (no response)
[2026-01-22 19:32:35.300] [INFO ]       * :RO# -> (no response)
[2026-01-22 19:32:35.300] [INFO ] ===============================
[2026-01-22 19:32:35.300] [INFO ] 
[2026-01-22 19:32:35.300] [INFO ] Phase 3: MQTT Core - Simulator ready
[2026-01-22 19:32:35.300] [INFO ] 
[2026-01-22 19:32:35.360] [INFO ] Simulator: Connecting to MQTT broker...
[2026-01-22 19:32:35.361] [INFO ] Simulator running. Press Ctrl+C to stop.
[2026-01-22 19:32:35.361] [INFO ] Simulator: Connected to localhost:1883
[2026-01-22 19:32:35.361] [INFO ] Simulator: Subscribing to OCS/cmd
[2026-01-22 19:36:57.616] [INFO ] Logger initialized
[2026-01-22 19:36:57.617] [INFO ] =================================================
[2026-01-22 19:36:57.617] [INFO ] MQTT Simulator initialized
[2026-01-22 19:36:57.617] [INFO ] Qt version: 6.8.3
[2026-01-22 19:36:57.617] [INFO ] =================================================
[2026-01-22 19:36:57.617] [INFO ] 
[2026-01-22 19:36:57.617] [INFO ] === Simulator Configuration ===
[2026-01-22 19:36:57.617] [INFO ] MQTT Broker: localhost:1883
[2026-01-22 19:36:57.617] [INFO ] 
[2026-01-22 19:36:57.617] [INFO ] Simulated Controllers: 1
[2026-01-22 19:36:57.617] [INFO ]   - Prefix: OCS
[2026-01-22 19:36:57.617] [INFO ]     Commands: 2
[2026-01-22 19:36:57.617] [INFO ]       * :DZ# -> Received: :DZ#, Response: 306.640#, Source: MQTT...
[2026-01-22 19:36:57.617] [INFO ]       * :RS# -> Received: :RS#, Response: OPEN#, Source: MQTT...
[2026-01-22 19:36:57.617] [INFO ] ===============================
[2026-01-22 19:36:57.617] [INFO ] 
[2026-01-22 19:36:57.617] [INFO ] Phase 3: MQTT Core - Simulator ready
[2026-01-22 19:36:57.617] [INFO ] 
[2026-01-22 19:36:57.675] [INFO ] Simulator: Connecting to MQTT broker...
[2026-01-22 19:36:57.675] [INFO ] Simulator running. Press Ctrl+C to stop.
[2026-01-22 19:36:57.676] [INFO ] Simulator: Connected to localhost:1883
[2026-01-22 19:36:57.676] [INFO ] Simulator: Subscribing to OCS/cmd
[2026-01-22 19:37:10.251] [INFO ] Logger initialized
[2026-01-22 19:37:10.251] [INFO ] =================================================
[2026-01-22 19:37:10.251] [INFO ] MQTT Simulator initialized
[2026-01-22 19:37:10.251] [INFO ] Qt version: 6.8.3
[2026-01-22 19:37:10.251] [INFO ] =================================================
[2026-01-22 19:37:10.251] [INFO ] 
[2026-01-22 19:37:10.251] [INFO ] === Simulator Configuration ===
[2026-01-22 19:37:10.251] [INFO ] MQTT Broker: localhost:1883
[2026-01-22 19:37:10.251] [INFO ] 
[2026-01-22 19:37:10.251] [INFO ] Simulated Controllers: 1
[2026-01-22 19:37:10.251] [INFO ]   - Prefix: OCS
[2026-01-22 19:37:10.251] [INFO ]     Commands: 2
[2026-01-22 19:37:10.251] [INFO ]       * :DZ# -> Received: :DZ#, Response: 306.640#, Source: MQTT...
[2026-01-22 19:37:10.251] [INFO ]       * :RS# -> Received: :RS#, Response: OPEN#, Source: MQTT...
[2026-01-22 19:37:10.251] [INFO ] ===============================
[2026-01-22 19:37:10.251] [INFO ] 
[2026-01-22 19:37:10.251] [INFO ] Phase 3: MQTT Core - Simulator ready
[2026-01-22 19:37:10.251] [INFO ] 
[2026-01-22 19:37:10.308] [INFO ] Simulator: Connecting to MQTT broker...
[2026-01-22 19:37:10.308] [INFO ] Simulator running. Press Ctrl+C to stop.
[2026-01-22 19:37:10.309] [INFO ] Simulator: Connected to localhost:1883
[2026-01-22 19:37:10.309] [INFO ] Simulator: Subscribing to OCS/cmd
[2026-01-22 19:42:59.385] [INFO ] Logger initialized
[2026-01-22 19:42:59.385] [INFO ] =================================================
[2026-01-22 19:42:59.385] [INFO ] MQTT Simulator initialized
[2026-01-22 19:42:59.385] [INFO ] Qt version: 6.8.3
[2026-01-22 19:42:59.385] [INFO ] =================================================
[2026-01-22 19:42:59.385] [INFO ] 
[2026-01-22 19:42:59.385] [INFO ] === Simulator Configuration ===
[2026-01-22 19:42:59.385] [INFO ] MQTT Broker: localhost:1883
[2026-01-22 19:42:59.385] [INFO ] 
[2026-01-22 19:42:59.385] [INFO ] Simulated Controllers: 1
[2026-01-22 19:42:59.385] [INFO ]   - Prefix: OCS
[2026-01-22 19:42:59.385] [INFO ]     Commands: 2
[2026-01-22 19:42:59.385] [INFO ]       * :DZ# -> Received: :DZ#, Response: 306.640#, Source: MQTT...
[2026-01-22 19:42:59.385] [INFO ]       * :RS# -> Received: :RS#, Response: OPEN#, Source: MQTT...
[2026-01-22 19:42:59.385] [INFO ] ===============================
[2026-01-22 19:42:59.385] [INFO ] 
[2026-01-22 19:42:59.385] [INFO ] Phase 3: MQTT Core - Simulator ready
[2026-01-22 19:42:59.385] [INFO ] 
[2026-01-22 19:42:59.443] [INFO ] Simulator: Connecting to MQTT broker...
[2026-01-22 19:42:59.443] [INFO ] Simulator running. Press Ctrl+C to stop.
[2026-01-22 19:42:59.444] [INFO ] Simulator: Connected to localhost:1883
[2026-01-22 19:42:59.444] [INFO ] Simulator: Subscribing to OCS/cmd
[2026-01-22 19:43:03.963] [INFO ] Logger initialized
[2026-01-22 19:43:03.963] [INFO ] =================================================
[2026-01-22 19:43:03.963] [INFO ] MQTT Simulator initialized
[2026-01-22 19:43:03.963] [INFO ] Qt version: 6.8.3
[2026-01-22 19:43:03.963] [INFO ] =================================================
[2026-01-22 19:43:03.963] [INFO ] 
[2026-01-22 19:43:03.963] [INFO ] === Simulator Configuration ===
[2026-01-22 19:43:03.964] [INFO ] MQTT Broker: localhost:1883
[2026-01-22 19:43:03.964] [INFO ] 
[2026-01-22 19:43:03.964] [INFO ] Simulated Controllers: 1
[2026-01-22 19:43:03.964] [INFO ]   - Prefix: OCS
[2026-01-22 19:43:03.964] [INFO ]     Commands: 2
[2026-01-22 19:43:03.964] [INFO ]       * :DZ# -> Received: :DZ#, Response: 306.640#, Source: MQTT...
[2026-01-22 19:43:03.964] [INFO ]       * :RS# -> Received: :RS#, Response: OPEN#, Source: MQTT...
[2026-01-22 19:43:03.964] [INFO ] ===============================
[2026-01-22 19:43:03.964] [INFO ] 
[2026-01-22 19:43:03.964] [INFO ] Phase 3: MQTT Core - Simulator ready
[2026-01-22 19:43:03.964] [INFO ] 
[2026-01-22 19:43:04.021] [INFO ] Simulator: Connecting to MQTT broker...
[2026-01-22 19:43:04.021] [INFO ] Simulator running. Press Ctrl+C to stop.
[2026-01-22 19:43:04.022] [INFO ] Simulator: Connected to localhost:1883
[2026-01-22 19:43:04.022] [INFO ] Simulator: Subscribing to OCS/cmd
[2026-01-22 19:49:05.527] [INFO ] Logger initialized
[2026-01-22 19:49:05.527] [INFO ] =================================================
[2026-01-22 19:49:05.527] [INFO ] MQTT Simulator initialized
[2026-01-22 19:49:05.527] [INFO ] Qt version: 6.8.3
[2026-01-22 19:49:05.527] [INFO ] =================================================
[2026-01-22 19:49:05.527] [INFO ] 
[2026-01-22 19:49:05.527] [INFO ] === Simulator Configuration ===
[2026-01-22 19:49:05.527] [INFO ] MQTT Broker: localhost:1883
[2026-01-22 19:49:05.527] [INFO ] 
[2026-01-22 19:49:05.527] [INFO ] Simulated Controllers: 1
[2026-01-22 19:49:05.527] [INFO ]   - Prefix: OCS
[2026-01-22 19:49:05.527] [INFO ]     Commands: 2
[2026-01-22 19:49:05.527] [INFO ]       * :DZ# -> Received: :DZ#, Response: 306.640#, Source: MQTT...
[2026-01-22 19:49:05.527] [INFO ]       * :RS# -> Received: :RS#, Response: OPEN#, Source: MQTT...
[2026-01-22 19:49:05.527] [INFO ] ===============================
[2026-01-22 19:49:05.527] [INFO ] 
[2026-01-22 19:49:05.527] [INFO ] Phase 3: MQTT Core - Simulator ready
[2026-01-22 19:49:05.527] [INFO ] 
[2026-01-22 19:49:05.587] [INFO ] Simulator: Connecting to MQTT broker...
[2026-01-22 19:49:05.587] [INFO ] Simulator running. Press Ctrl+C to stop.
[2026-01-22 19:49:05.588] [INFO ] Simulator: Connected to localhost:1883
[2026-01-22 19:49:05.588] [INFO ] Simulator: Subscribing to OCS/cmd
[2026-01-22 19:57:10.450] [INFO ] Logger initialized
[2026-01-22 19:57:10.450] [INFO ] =================================================
[2026-01-22 19:57:10.450] [INFO ] MQTT Simulator initialized
[2026-01-22 19:57:10.450] [INFO ] Qt version: 6.8.3
[2026-01-22 19:57:10.450] [INFO ] =================================================
[2026-01-22 19:57:10.450] [INFO ] 
[2026-01-22 19:57:10.450] [INFO ] === Simulator Configuration ===
[2026-01-22 19:57:10.450] [INFO ] MQTT Broker: localhost:1883
[2026-01-22 19:57:10.450] [INFO ] 
[2026-01-22 19:57:10.450] [INFO ] Simulated Controllers: 2
[2026-01-22 19:57:10.450] [INFO ]   - Prefix: OCS
[2026-01-22 19:57:10.450] [INFO ]     Commands: 2
[2026-01-22 19:57:10.450] [INFO ]       * :DZ# -> Received: :DZ#, Response: 306.640#, Source: MQTT...
[2026-01-22 19:57:10.450] [INFO ]       * :RS# -> Received: :RS#, Response: OPEN#, Source: MQTT...
[2026-01-22 19:57:10.450] [INFO ]   - Prefix: OnStepX
[2026-01-22 19:57:10.450] [INFO ]     Commands: 2
[2026-01-22 19:57:10.450] [INFO ]       * :GR# -> Received: :GR#, Response: 12:34:56#, Source: MQTT...
[2026-01-22 19:57:10.450] [INFO ]       * :GD# -> Received: :GD#, Response: +45*30:00#, Source: MQTT...
[2026-01-22 19:57:10.450] [INFO ] ===============================
[2026-01-22 19:57:10.450] [INFO ] 
[2026-01-22 19:57:10.450] [INFO ] Phase 3: MQTT Core - Simulator ready
[2026-01-22 19:57:10.450] [INFO ] 
[2026-01-22 19:57:10.508] [INFO ] Simulator: Connecting to MQTT broker...
[2026-01-22 19:57:10.509] [INFO ] Simulator running. Press Ctrl+C to stop.
[2026-01-22 19:57:10.536] [INFO ] Simulator: Connected to localhost:1883
[2026-01-22 19:57:10.536] [INFO ] Simulator: Subscribing to OCS/cmd
[2026-01-22 19:57:10.536] [INFO ] Simulator: Subscribing to OnStepX/cmd
[2026-01-22 19:57:24.688] [WARN ] Simulator: No configured response for command: :DZ#
[2026-01-22 19:57:24.788] [WARN ] Simulator: No configured response for command: :RS#
[2026-01-22 19:57:25.688] [WARN ] Simulator: No configured response for command: :DZ#
[2026-01-22 19:57:26.687] [WARN ] Simulator: No configured response for command: :DZ#
[2026-01-22 19:57:27.687] [WARN ] Simulator: No configured response for command: :DZ#
[2026-01-22 19:57:28.687] [WARN ] Simulator: No configured response for command: :DZ#
[2026-01-22 19:57:29.687] [WARN ] Simulator: No configured response for command: :RS#
[2026-01-22 19:57:29.787] [WARN ] Simulator: No configured response for command: :DZ#
[2026-01-22 19:57:30.687] [WARN ] Simulator: No configured response for command: :DZ#
[2026-01-22 19:57:31.687] [WARN ] Simulator: No configured response for command: :DZ#
[2026-01-22 19:57:32.687] [WARN ] Simulator: No configured response for command: :DZ#
[2026-01-22 19:57:33.687] [WARN ] Simulator: No configured response for command: :DZ#
[2026-01-22 19:57:34.687] [WARN ] Simulator: No configured response for command: :RS#
[2026-01-22 19:57:34.788] [WARN ] Simulator: No configured response for command: :DZ#
[2026-01-22 19:57:35.687] [WARN ] Simulator: No configured response for command: :DZ#
[2026-01-22 19:57:36.687] [WARN ] Simulator: No configured response for command: :DZ#
[2026-01-22 19:57:37.687] [WARN ] Simulator: No configured response for command: :DZ#
[2026-01-22 19:59:01.156] [INFO ] Logger initialized
[2026-01-22 19:59:01.156] [INFO ] =================================================
[2026-01-22 19:59:01.156] [INFO ] MQTT Simulator initialized
[2026-01-22 19:59:01.156] [INFO ] Qt version: 6.8.3
[2026-01-22 19:59:01.156] [INFO ] =================================================
[2026-01-22 19:59:01.156] [INFO ] 
[2026-01-22 19:59:01.156] [INFO ] === Simulator Configuration ===
[2026-01-22 19:59:01.156] [INFO ] MQTT Broker: localhost:1883
[2026-01-22 19:59:01.156] [INFO ] 
[2026-01-22 19:59:01.156] [INFO ] Simulated Controllers: 2
[2026-01-22 19:59:01.156] [INFO ]   - Prefix: OCS
[2026-01-22 19:59:01.156] [INFO ]     Commands: 2
[2026-01-22 19:59:01.156] [INFO ]       * :DZ# -> Received: :DZ#, Response: 306.640#, Source: MQTT...
[2026-01-22 19:59:01.156] [INFO ]       * :RS# -> Received: :RS#, Response: OPEN#, Source: MQTT...
[2026-01-22 19:59:01.156] [INFO ]   - Prefix: OnStepX
[2026-01-22 19:59:01.156] [INFO ]     Commands: 2
[2026-01-22 19:59:01.156] [INFO ]       * :DZ# -> Received: :DZ#, Response: 123.456#, Source: MQTT...
[2026-01-22 19:59:01.156] [INFO ]       * :RS# -> Received: :RS#, Response: CLOSED#, Source: MQTT...
[2026-01-22 19:59:01.156] [INFO ] ===============================
[2026-01-22 19:59:01.156] [INFO ] 
[2026-01-22 19:59:01.156] [INFO ] Phase 3: MQTT Core - Simulator ready
[2026-01-22 19:59:01.156] [INFO ] 
[2026-01-22 19:59:01.217] [INFO ] Simulator: Connecting to MQTT broker...
[2026-01-22 19:59:01.217] [INFO ] Simulator running. Press Ctrl+C to stop.
[2026-01-22 19:59:01.218] [INFO ] Simulator: Connected to localhost:1883
[2026-01-22 19:59:01.218] [INFO ] Simulator: Subscribing to OCS/cmd
[2026-01-22 19:59:01.218] [INFO ] Simulator: Subscribing to OnStepX/cmd
